# JRE version: Java(TM) SE Runtime Environment (8.0_211-b12) (build 1.8.0_211-b12)
# Java VM: Java HotSpot(TM) 64-Bit Server VM (25.211-b12 mixed mode windows-amd64 compressed oops)
Heap:
 PSYoungGen      total 111104K, used 24557K [0x00000000d5f80000, 0x00000000de500000, 0x0000000100000000)
  eden space 90112K, 3% used [0x00000000d5f80000,0x00000000d62ffb70,0x00000000db780000)
  from space 20992K, 99% used [0x00000000db780000,0x00000000dcbfb898,0x00000000dcc00000)
  to   space 16896K, 0% used [0x00000000dcc00000,0x00000000dcc00000,0x00000000ddc80000)
 ParOldGen       total 120320K, used 40003K [0x0000000081e00000, 0x0000000089380000, 0x00000000d5f80000)
  object space 120320K, 33% used [0x0000000081e00000,0x0000000084510c10,0x0000000089380000)
 Metaspace       used 49442K, capacity 50260K, committed 50560K, reserved 1093632K
  class space    used 6014K, capacity 6205K, committed 6272K, reserved 1048576K
GC Heap History (10 events):
Event: 4.569 GC heap before
{Heap before GC invocations=7 (full 1):
 PSYoungGen      total 71680K, used 17664K [0x00000000d5f80000, 0x00000000dc200000, 0x0000000100000000)
  eden space 66560K, 18% used [0x00000000d5f80000,0x00000000d6bc7400,0x00000000da080000)
  from space 5120K, 99% used [0x00000000da080000,0x00000000da578c70,0x00000000da580000)
  to   space 15872K, 0% used [0x00000000db280000,0x00000000db280000,0x00000000dc200000)
 ParOldGen       total 66560K, used 23197K [0x0000000081e00000, 0x0000000085f00000, 0x00000000d5f80000)
  object space 66560K, 34% used [0x0000000081e00000,0x00000000834a76a0,0x0000000085f00000)
 Metaspace       used 34807K, capacity 35304K, committed 35496K, reserved 1081344K
  class space    used 4461K, capacity 4607K, committed 4608K, reserved 1048576K
Event: 4.578 GC heap after
Heap after GC invocations=7 (full 1):
 PSYoungGen      total 85504K, used 8621K [0x00000000d5f80000, 0x00000000dde80000, 0x0000000100000000)
  eden space 69632K, 0% used [0x00000000d5f80000,0x00000000d5f80000,0x00000000da380000)
  from space 15872K, 54% used [0x00000000db280000,0x00000000dbaeb688,0x00000000dc200000)
  to   space 15360K, 0% used [0x00000000da380000,0x00000000da380000,0x00000000db280000)
 ParOldGen       total 66560K, used 23197K [0x0000000081e00000, 0x0000000085f00000, 0x00000000d5f80000)
  object space 66560K, 34% used [0x0000000081e00000,0x00000000834a76a0,0x0000000085f00000)
 Metaspace       used 34807K, capacity 35304K, committed 35496K, reserved 1081344K
  class space    used 4461K, capacity 4607K, committed 4608K, reserved 1048576K
}
Event: 4.578 GC heap before
{Heap before GC invocations=8 (full 2):
 PSYoungGen      total 85504K, used 8621K [0x00000000d5f80000, 0x00000000dde80000, 0x0000000100000000)
  eden space 69632K, 0% used [0x00000000d5f80000,0x00000000d5f80000,0x00000000da380000)
  from space 15872K, 54% used [0x00000000db280000,0x00000000dbaeb688,0x00000000dc200000)
  to   space 15360K, 0% used [0x00000000da380000,0x00000000da380000,0x00000000db280000)
 ParOldGen       total 66560K, used 23197K [0x0000000081e00000, 0x0000000085f00000, 0x00000000d5f80000)
  object space 66560K, 34% used [0x0000000081e00000,0x00000000834a76a0,0x0000000085f00000)
 Metaspace       used 34807K, capacity 35304K, committed 35496K, reserved 1081344K
  class space    used 4461K, capacity 4607K, committed 4608K, reserved 1048576K
Event: 4.666 GC heap after
Heap after GC invocations=8 (full 2):
 PSYoungGen      total 85504K, used 0K [0x00000000d5f80000, 0x00000000dde80000, 0x0000000100000000)
  eden space 69632K, 0% used [0x00000000d5f80000,0x00000000d5f80000,0x00000000da380000)
  from space 15872K, 0% used [0x00000000db280000,0x00000000db280000,0x00000000dc200000)
  to   space 15360K, 0% used [0x00000000da380000,0x00000000da380000,0x00000000db280000)
 ParOldGen       total 120320K, used 25483K [0x0000000081e00000, 0x0000000089380000, 0x00000000d5f80000)
  object space 120320K, 21% used [0x0000000081e00000,0x00000000836e2d68,0x0000000089380000)
 Metaspace       used 34807K, capacity 35304K, committed 35496K, reserved 1081344K
  class space    used 4461K, capacity 4607K, committed 4608K, reserved 1048576K
}
Event: 5.961 GC heap before
{Heap before GC invocations=9 (full 2):
 PSYoungGen      total 85504K, used 69632K [0x00000000d5f80000, 0x00000000dde80000, 0x0000000100000000)
  eden space 69632K, 100% used [0x00000000d5f80000,0x00000000da380000,0x00000000da380000)
  from space 15872K, 0% used [0x00000000db280000,0x00000000db280000,0x00000000dc200000)
  to   space 15360K, 0% used [0x00000000da380000,0x00000000da380000,0x00000000db280000)
 ParOldGen       total 120320K, used 25483K [0x0000000081e00000, 0x0000000089380000, 0x00000000d5f80000)
  object space 120320K, 21% used [0x0000000081e00000,0x00000000836e2d68,0x0000000089380000)
 Metaspace       used 40777K, capacity 41408K, committed 41728K, reserved 1085440K
  class space    used 5120K, capacity 5265K, committed 5376K, reserved 1048576K
Event: 5.976 GC heap after
Heap after GC invocations=9 (full 2):
 PSYoungGen      total 84992K, used 13929K [0x00000000d5f80000, 0x00000000ddc80000, 0x0000000100000000)
  eden space 69632K, 0% used [0x00000000d5f80000,0x00000000d5f80000,0x00000000da380000)
  from space 15360K, 90% used [0x00000000da380000,0x00000000db11a730,0x00000000db280000)
  to   space 16896K, 0% used [0x00000000dcc00000,0x00000000dcc00000,0x00000000ddc80000)
 ParOldGen       total 120320K, used 25491K [0x0000000081e00000, 0x0000000089380000, 0x00000000d5f80000)
  object space 120320K, 21% used [0x0000000081e00000,0x00000000836e4d68,0x0000000089380000)
 Metaspace       used 40777K, capacity 41408K, committed 41728K, reserved 1085440K
  class space    used 5120K, capacity 5265K, committed 5376K, reserved 1048576K
}
Event: 8.367 GC heap before
{Heap before GC invocations=10 (full 2):
 PSYoungGen      total 84992K, used 83561K [0x00000000d5f80000, 0x00000000ddc80000, 0x0000000100000000)
  eden space 69632K, 100% used [0x00000000d5f80000,0x00000000da380000,0x00000000da380000)
  from space 15360K, 90% used [0x00000000da380000,0x00000000db11a730,0x00000000db280000)
  to   space 16896K, 0% used [0x00000000dcc00000,0x00000000dcc00000,0x00000000ddc80000)
 ParOldGen       total 120320K, used 25491K [0x0000000081e00000, 0x0000000089380000, 0x00000000d5f80000)
  object space 120320K, 21% used [0x0000000081e00000,0x00000000836e4d68,0x0000000089380000)
 Metaspace       used 44659K, capacity 45416K, committed 45568K, reserved 1089536K
  class space    used 5430K, capacity 5591K, committed 5632K, reserved 1048576K
Event: 8.411 GC heap after
Heap after GC invocations=10 (full 2):
 PSYoungGen      total 107008K, used 16864K [0x00000000d5f80000, 0x00000000de500000, 0x0000000100000000)
  eden space 90112K, 0% used [0x00000000d5f80000,0x00000000d5f80000,0x00000000db780000)
  from space 16896K, 99% used [0x00000000dcc00000,0x00000000ddc780d0,0x00000000ddc80000)
  to   space 20992K, 0% used [0x00000000db780000,0x00000000db780000,0x00000000dcc00000)
 ParOldGen       total 120320K, used 30576K [0x0000000081e00000, 0x0000000089380000, 0x00000000d5f80000)
  object space 120320K, 25% used [0x0000000081e00000,0x0000000083bdc160,0x0000000089380000)
 Metaspace       used 44659K, capacity 45416K, committed 45568K, reserved 1089536K
  class space    used 5430K, capacity 5591K, committed 5632K, reserved 1048576K
}
Event: 10.929 GC heap before
{Heap before GC invocations=11 (full 2):
 PSYoungGen      total 107008K, used 106976K [0x00000000d5f80000, 0x00000000de500000, 0x0000000100000000)
  eden space 90112K, 100% used [0x00000000d5f80000,0x00000000db780000,0x00000000db780000)
  from space 16896K, 99% used [0x00000000dcc00000,0x00000000ddc780d0,0x00000000ddc80000)
  to   space 20992K, 0% used [0x00000000db780000,0x00000000db780000,0x00000000dcc00000)
 ParOldGen       total 120320K, used 30576K [0x0000000081e00000, 0x0000000089380000, 0x00000000d5f80000)
  object space 120320K, 25% used [0x0000000081e00000,0x0000000083bdc160,0x0000000089380000)
 Metaspace       used 48828K, capacity 49684K, committed 49920K, reserved 1093632K
  class space    used 5879K, capacity 6077K, committed 6144K, reserved 1048576K
Event: 11.002 GC heap after
Heap after GC invocations=11 (full 2):
 PSYoungGen      total 111104K, used 20974K [0x00000000d5f80000, 0x00000000de500000, 0x0000000100000000)
  eden space 90112K, 0% used [0x00000000d5f80000,0x00000000d5f80000,0x00000000db780000)
  from space 20992K, 99% used [0x00000000db780000,0x00000000dcbfb898,0x00000000dcc00000)
  to   space 16896K, 0% used [0x00000000dcc00000,0x00000000dcc00000,0x00000000ddc80000)
 ParOldGen       total 120320K, used 40003K [0x0000000081e00000, 0x0000000089380000, 0x00000000d5f80000)
  object space 120320K, 33% used [0x0000000081e00000,0x0000000084510c10,0x0000000089380000)
 Metaspace       used 48828K, capacity 49684K, committed 49920K, reserved 1093632K
  class space    used 5879K, capacity 6077K, committed 6144K, reserved 1048576K
}

