# JRE version: Java(TM) SE Runtime Environment (8.0_211-b12) (build 1.8.0_211-b12)
# Java VM: Java HotSpot(TM) 64-Bit Server VM (25.211-b12 mixed mode windows-amd64 compressed oops)
Heap:
 PSYoungGen      total 127488K, used 55361K [0x00000000d5580000, 0x00000000dec80000, 0x0000000100000000)
  eden space 108544K, 51% used [0x00000000d5580000,0x00000000d8b90758,0x00000000dbf80000)
  from space 18944K, 0% used [0x00000000dda00000,0x00000000dda00000,0x00000000dec80000)
  to   space 23040K, 0% used [0x00000000dbf80000,0x00000000dbf80000,0x00000000dd600000)
 ParOldGen       total 135168K, used 30508K [0x0000000080000000, 0x0000000088400000, 0x00000000d5580000)
  object space 135168K, 22% used [0x0000000080000000,0x0000000081dcb018,0x0000000088400000)
 Metaspace       used 61825K, capacity 63193K, committed 63320K, reserved 1103872K
  class space    used 7894K, capacity 8223K, committed 8280K, reserved 1048576K
GC Heap History (10 events):
Event: 12.106 GC heap before
{Heap before GC invocations=10 (full 3):
 PSYoungGen      total 58368K, used 56320K [0x00000000d5580000, 0x00000000dcd80000, 0x0000000100000000)
  eden space 56320K, 100% used [0x00000000d5580000,0x00000000d8c80000,0x00000000d8c80000)
  from space 2048K, 0% used [0x00000000d9b80000,0x00000000d9b80000,0x00000000d9d80000)
  to   space 15360K, 0% used [0x00000000d8c80000,0x00000000d8c80000,0x00000000d9b80000)
 ParOldGen       total 102912K, used 16316K [0x0000000080000000, 0x0000000086480000, 0x00000000d5580000)
  object space 102912K, 15% used [0x0000000080000000,0x0000000080fef088,0x0000000086480000)
 Metaspace       used 40617K, capacity 41299K, committed 41600K, reserved 1085440K
  class space    used 5343K, capacity 5492K, committed 5504K, reserved 1048576K
Event: 12.124 GC heap after
Heap after GC invocations=10 (full 3):
 PSYoungGen      total 71680K, used 10903K [0x00000000d5580000, 0x00000000dc580000, 0x0000000100000000)
  eden space 56320K, 0% used [0x00000000d5580000,0x00000000d5580000,0x00000000d8c80000)
  from space 15360K, 70% used [0x00000000d8c80000,0x00000000d9725d80,0x00000000d9b80000)
  to   space 15360K, 0% used [0x00000000db680000,0x00000000db680000,0x00000000dc580000)
 ParOldGen       total 102912K, used 16316K [0x0000000080000000, 0x0000000086480000, 0x00000000d5580000)
  object space 102912K, 15% used [0x0000000080000000,0x0000000080fef088,0x0000000086480000)
 Metaspace       used 40617K, capacity 41299K, committed 41600K, reserved 1085440K
  class space    used 5343K, capacity 5492K, committed 5504K, reserved 1048576K
}
Event: 14.983 GC heap before
{Heap before GC invocations=11 (full 3):
 PSYoungGen      total 71680K, used 67223K [0x00000000d5580000, 0x00000000dc580000, 0x0000000100000000)
  eden space 56320K, 100% used [0x00000000d5580000,0x00000000d8c80000,0x00000000d8c80000)
  from space 15360K, 70% used [0x00000000d8c80000,0x00000000d9725d80,0x00000000d9b80000)
  to   space 15360K, 0% used [0x00000000db680000,0x00000000db680000,0x00000000dc580000)
 ParOldGen       total 102912K, used 16316K [0x0000000080000000, 0x0000000086480000, 0x00000000d5580000)
  object space 102912K, 15% used [0x0000000080000000,0x0000000080fef088,0x0000000086480000)
 Metaspace       used 49134K, capacity 50091K, committed 50432K, reserved 1093632K
  class space    used 6545K, capacity 6804K, committed 6912K, reserved 1048576K
Event: 15.008 GC heap after
Heap after GC invocations=11 (full 3):
 PSYoungGen      total 96256K, used 15353K [0x00000000d5580000, 0x00000000dc980000, 0x0000000100000000)
  eden space 80896K, 0% used [0x00000000d5580000,0x00000000d5580000,0x00000000da480000)
  from space 15360K, 99% used [0x00000000db680000,0x00000000dc57e690,0x00000000dc580000)
  to   space 18432K, 0% used [0x00000000da480000,0x00000000da480000,0x00000000db680000)
 ParOldGen       total 102912K, used 18663K [0x0000000080000000, 0x0000000086480000, 0x00000000d5580000)
  object space 102912K, 18% used [0x0000000080000000,0x0000000081239f20,0x0000000086480000)
 Metaspace       used 49134K, capacity 50091K, committed 50432K, reserved 1093632K
  class space    used 6545K, capacity 6804K, committed 6912K, reserved 1048576K
}
Event: 18.776 GC heap before
{Heap before GC invocations=12 (full 3):
 PSYoungGen      total 96256K, used 96249K [0x00000000d5580000, 0x00000000dc980000, 0x0000000100000000)
  eden space 80896K, 100% used [0x00000000d5580000,0x00000000da480000,0x00000000da480000)
  from space 15360K, 99% used [0x00000000db680000,0x00000000dc57e690,0x00000000dc580000)
  to   space 18432K, 0% used [0x00000000da480000,0x00000000da480000,0x00000000db680000)
 ParOldGen       total 102912K, used 18663K [0x0000000080000000, 0x0000000086480000, 0x00000000d5580000)
  object space 102912K, 18% used [0x0000000080000000,0x0000000081239f20,0x0000000086480000)
 Metaspace       used 56181K, capacity 57339K, committed 57600K, reserved 1099776K
  class space    used 7361K, capacity 7658K, committed 7680K, reserved 1048576K
Event: 18.798 GC heap after
Heap after GC invocations=12 (full 3):
 PSYoungGen      total 99328K, used 18408K [0x00000000d5580000, 0x00000000def80000, 0x0000000100000000)
  eden space 80896K, 0% used [0x00000000d5580000,0x00000000d5580000,0x00000000da480000)
  from space 18432K, 99% used [0x00000000da480000,0x00000000db67a3a8,0x00000000db680000)
  to   space 22016K, 0% used [0x00000000dda00000,0x00000000dda00000,0x00000000def80000)
 ParOldGen       total 102912K, used 20505K [0x0000000080000000, 0x0000000086480000, 0x00000000d5580000)
  object space 102912K, 19% used [0x0000000080000000,0x00000000814065b8,0x0000000086480000)
 Metaspace       used 56181K, capacity 57339K, committed 57600K, reserved 1099776K
  class space    used 7361K, capacity 7658K, committed 7680K, reserved 1048576K
}
Event: 19.058 GC heap before
{Heap before GC invocations=13 (full 3):
 PSYoungGen      total 99328K, used 26206K [0x00000000d5580000, 0x00000000def80000, 0x0000000100000000)
  eden space 80896K, 9% used [0x00000000d5580000,0x00000000d5d1d5d0,0x00000000da480000)
  from space 18432K, 99% used [0x00000000da480000,0x00000000db67a3a8,0x00000000db680000)
  to   space 22016K, 0% used [0x00000000dda00000,0x00000000dda00000,0x00000000def80000)
 ParOldGen       total 102912K, used 20505K [0x0000000080000000, 0x0000000086480000, 0x00000000d5580000)
  object space 102912K, 19% used [0x0000000080000000,0x00000000814065b8,0x0000000086480000)
 Metaspace       used 57773K, capacity 58953K, committed 59096K, reserved 1099776K
  class space    used 7514K, capacity 7827K, committed 7896K, reserved 1048576K
Event: 19.079 GC heap after
Heap after GC invocations=13 (full 3):
 PSYoungGen      total 127488K, used 16521K [0x00000000d5580000, 0x00000000dec80000, 0x0000000100000000)
  eden space 108544K, 0% used [0x00000000d5580000,0x00000000d5580000,0x00000000dbf80000)
  from space 18944K, 87% used [0x00000000dda00000,0x00000000dea22600,0x00000000dec80000)
  to   space 23040K, 0% used [0x00000000dbf80000,0x00000000dbf80000,0x00000000dd600000)
 ParOldGen       total 102912K, used 20513K [0x0000000080000000, 0x0000000086480000, 0x00000000d5580000)
  object space 102912K, 19% used [0x0000000080000000,0x00000000814085b8,0x0000000086480000)
 Metaspace       used 57773K, capacity 58953K, committed 59096K, reserved 1099776K
  class space    used 7514K, capacity 7827K, committed 7896K, reserved 1048576K
}
Event: 19.079 GC heap before
{Heap before GC invocations=14 (full 4):
 PSYoungGen      total 127488K, used 16521K [0x00000000d5580000, 0x00000000dec80000, 0x0000000100000000)
  eden space 108544K, 0% used [0x00000000d5580000,0x00000000d5580000,0x00000000dbf80000)
  from space 18944K, 87% used [0x00000000dda00000,0x00000000dea22600,0x00000000dec80000)
  to   space 23040K, 0% used [0x00000000dbf80000,0x00000000dbf80000,0x00000000dd600000)
 ParOldGen       total 102912K, used 20513K [0x0000000080000000, 0x0000000086480000, 0x00000000d5580000)
  object space 102912K, 19% used [0x0000000080000000,0x00000000814085b8,0x0000000086480000)
 Metaspace       used 57773K, capacity 58953K, committed 59096K, reserved 1099776K
  class space    used 7514K, capacity 7827K, committed 7896K, reserved 1048576K
Event: 19.224 GC heap after
Heap after GC invocations=14 (full 4):
 PSYoungGen      total 127488K, used 0K [0x00000000d5580000, 0x00000000dec80000, 0x0000000100000000)
  eden space 108544K, 0% used [0x00000000d5580000,0x00000000d5580000,0x00000000dbf80000)
  from space 18944K, 0% used [0x00000000dda00000,0x00000000dda00000,0x00000000dec80000)
  to   space 23040K, 0% used [0x00000000dbf80000,0x00000000dbf80000,0x00000000dd600000)
 ParOldGen       total 135168K, used 30508K [0x0000000080000000, 0x0000000088400000, 0x00000000d5580000)
  object space 135168K, 22% used [0x0000000080000000,0x0000000081dcb018,0x0000000088400000)
 Metaspace       used 57773K, capacity 58953K, committed 59096K, reserved 1099776K
  class space    used 7514K, capacity 7827K, committed 7896K, reserved 1048576K
}

