# JRE version: Java(TM) SE Runtime Environment (8.0_211-b12) (build 1.8.0_211-b12)
# Java VM: Java HotSpot(TM) 64-Bit Server VM (25.211-b12 mixed mode windows-amd64 compressed oops)
Heap:
 PSYoungGen      total 83456K, used 47067K [0x00000000d5f80000, 0x00000000dd900000, 0x0000000100000000)
  eden space 68608K, 49% used [0x00000000d5f80000,0x00000000d808f070,0x00000000da280000)
  from space 14848K, 89% used [0x00000000da280000,0x00000000daf67cc0,0x00000000db100000)
  to   space 15872K, 0% used [0x00000000dc980000,0x00000000dc980000,0x00000000dd900000)
 ParOldGen       total 124416K, used 25405K [0x0000000081e00000, 0x0000000089780000, 0x00000000d5f80000)
  object space 124416K, 20% used [0x0000000081e00000,0x00000000836cf4a8,0x0000000089780000)
 Metaspace       used 43320K, capacity 44086K, committed 44288K, reserved 1087488K
  class space    used 5347K, capacity 5514K, committed 5632K, reserved 1048576K
GC Heap History (10 events):
Event: 2.498 GC heap before
{Heap before GC invocations=5 (full 1):
 PSYoungGen      total 38400K, used 33280K [0x00000000d5f80000, 0x00000000daa80000, 0x0000000100000000)
  eden space 33280K, 100% used [0x00000000d5f80000,0x00000000d8000000,0x00000000d8000000)
  from space 5120K, 0% used [0x00000000d8000000,0x00000000d8000000,0x00000000d8500000)
  to   space 5120K, 0% used [0x00000000da580000,0x00000000da580000,0x00000000daa80000)
 ParOldGen       total 68096K, used 9300K [0x0000000081e00000, 0x0000000086080000, 0x00000000d5f80000)
  object space 68096K, 13% used [0x0000000081e00000,0x0000000082715070,0x0000000086080000)
 Metaspace       used 24290K, capacity 24786K, committed 24960K, reserved 1071104K
  class space    used 2955K, capacity 3081K, committed 3200K, reserved 1048576K
Event: 2.515 GC heap after
Heap after GC invocations=5 (full 1):
 PSYoungGen      total 52736K, used 5102K [0x00000000d5f80000, 0x00000000daa80000, 0x0000000100000000)
  eden space 47616K, 0% used [0x00000000d5f80000,0x00000000d5f80000,0x00000000d8e00000)
  from space 5120K, 99% used [0x00000000da580000,0x00000000daa7b8d8,0x00000000daa80000)
  to   space 5120K, 0% used [0x00000000da080000,0x00000000da080000,0x00000000da580000)
 ParOldGen       total 68096K, used 11534K [0x0000000081e00000, 0x0000000086080000, 0x00000000d5f80000)
  object space 68096K, 16% used [0x0000000081e00000,0x0000000082943ab0,0x0000000086080000)
 Metaspace       used 24290K, capacity 24786K, committed 24960K, reserved 1071104K
  class space    used 2955K, capacity 3081K, committed 3200K, reserved 1048576K
}
Event: 3.275 GC heap before
{Heap before GC invocations=6 (full 1):
 PSYoungGen      total 52736K, used 52718K [0x00000000d5f80000, 0x00000000daa80000, 0x0000000100000000)
  eden space 47616K, 100% used [0x00000000d5f80000,0x00000000d8e00000,0x00000000d8e00000)
  from space 5120K, 99% used [0x00000000da580000,0x00000000daa7b8d8,0x00000000daa80000)
  to   space 5120K, 0% used [0x00000000da080000,0x00000000da080000,0x00000000da580000)
 ParOldGen       total 68096K, used 11534K [0x0000000081e00000, 0x0000000086080000, 0x00000000d5f80000)
  object space 68096K, 16% used [0x0000000081e00000,0x0000000082943ab0,0x0000000086080000)
 Metaspace       used 32121K, capacity 32670K, committed 33024K, reserved 1077248K
  class space    used 4119K, capacity 4272K, committed 4352K, reserved 1048576K
Event: 3.291 GC heap after
Heap after GC invocations=6 (full 1):
 PSYoungGen      total 71680K, used 5091K [0x00000000d5f80000, 0x00000000dc080000, 0x0000000100000000)
  eden space 66560K, 0% used [0x00000000d5f80000,0x00000000d5f80000,0x00000000da080000)
  from space 5120K, 99% used [0x00000000da080000,0x00000000da578c50,0x00000000da580000)
  to   space 15872K, 0% used [0x00000000db100000,0x00000000db100000,0x00000000dc080000)
 ParOldGen       total 68096K, used 22661K [0x0000000081e00000, 0x0000000086080000, 0x00000000d5f80000)
  object space 68096K, 33% used [0x0000000081e00000,0x0000000083421430,0x0000000086080000)
 Metaspace       used 32121K, capacity 32670K, committed 33024K, reserved 1077248K
  class space    used 4119K, capacity 4272K, committed 4352K, reserved 1048576K
}
Event: 3.745 GC heap before
{Heap before GC invocations=7 (full 1):
 PSYoungGen      total 71680K, used 19626K [0x00000000d5f80000, 0x00000000dc080000, 0x0000000100000000)
  eden space 66560K, 21% used [0x00000000d5f80000,0x00000000d6db1d50,0x00000000da080000)
  from space 5120K, 99% used [0x00000000da080000,0x00000000da578c50,0x00000000da580000)
  to   space 15872K, 0% used [0x00000000db100000,0x00000000db100000,0x00000000dc080000)
 ParOldGen       total 68096K, used 22661K [0x0000000081e00000, 0x0000000086080000, 0x00000000d5f80000)
  object space 68096K, 33% used [0x0000000081e00000,0x0000000083421430,0x0000000086080000)
 Metaspace       used 34807K, capacity 35304K, committed 35496K, reserved 1081344K
  class space    used 4460K, capacity 4607K, committed 4608K, reserved 1048576K
Event: 3.756 GC heap after
Heap after GC invocations=7 (full 1):
 PSYoungGen      total 84480K, used 9156K [0x00000000d5f80000, 0x00000000dd900000, 0x0000000100000000)
  eden space 68608K, 0% used [0x00000000d5f80000,0x00000000d5f80000,0x00000000da280000)
  from space 15872K, 57% used [0x00000000db100000,0x00000000db9f1280,0x00000000dc080000)
  to   space 14848K, 0% used [0x00000000da280000,0x00000000da280000,0x00000000db100000)
 ParOldGen       total 68096K, used 22669K [0x0000000081e00000, 0x0000000086080000, 0x00000000d5f80000)
  object space 68096K, 33% used [0x0000000081e00000,0x0000000083423430,0x0000000086080000)
 Metaspace       used 34807K, capacity 35304K, committed 35496K, reserved 1081344K
  class space    used 4460K, capacity 4607K, committed 4608K, reserved 1048576K
}
Event: 3.756 GC heap before
{Heap before GC invocations=8 (full 2):
 PSYoungGen      total 84480K, used 9156K [0x00000000d5f80000, 0x00000000dd900000, 0x0000000100000000)
  eden space 68608K, 0% used [0x00000000d5f80000,0x00000000d5f80000,0x00000000da280000)
  from space 15872K, 57% used [0x00000000db100000,0x00000000db9f1280,0x00000000dc080000)
  to   space 14848K, 0% used [0x00000000da280000,0x00000000da280000,0x00000000db100000)
 ParOldGen       total 68096K, used 22669K [0x0000000081e00000, 0x0000000086080000, 0x00000000d5f80000)
  object space 68096K, 33% used [0x0000000081e00000,0x0000000083423430,0x0000000086080000)
 Metaspace       used 34807K, capacity 35304K, committed 35496K, reserved 1081344K
  class space    used 4460K, capacity 4607K, committed 4608K, reserved 1048576K
Event: 3.852 GC heap after
Heap after GC invocations=8 (full 2):
 PSYoungGen      total 84480K, used 0K [0x00000000d5f80000, 0x00000000dd900000, 0x0000000100000000)
  eden space 68608K, 0% used [0x00000000d5f80000,0x00000000d5f80000,0x00000000da280000)
  from space 15872K, 0% used [0x00000000db100000,0x00000000db100000,0x00000000dc080000)
  to   space 14848K, 0% used [0x00000000da280000,0x00000000da280000,0x00000000db100000)
 ParOldGen       total 124416K, used 25397K [0x0000000081e00000, 0x0000000089780000, 0x00000000d5f80000)
  object space 124416K, 20% used [0x0000000081e00000,0x00000000836cd4a8,0x0000000089780000)
 Metaspace       used 34807K, capacity 35304K, committed 35496K, reserved 1081344K
  class space    used 4460K, capacity 4607K, committed 4608K, reserved 1048576K
}
Event: 5.737 GC heap before
{Heap before GC invocations=9 (full 2):
 PSYoungGen      total 84480K, used 68608K [0x00000000d5f80000, 0x00000000dd900000, 0x0000000100000000)
  eden space 68608K, 100% used [0x00000000d5f80000,0x00000000da280000,0x00000000da280000)
  from space 15872K, 0% used [0x00000000db100000,0x00000000db100000,0x00000000dc080000)
  to   space 14848K, 0% used [0x00000000da280000,0x00000000da280000,0x00000000db100000)
 ParOldGen       total 124416K, used 25397K [0x0000000081e00000, 0x0000000089780000, 0x00000000d5f80000)
  object space 124416K, 20% used [0x0000000081e00000,0x00000000836cd4a8,0x0000000089780000)
 Metaspace       used 40626K, capacity 41272K, committed 41728K, reserved 1085440K
  class space    used 5109K, capacity 5263K, committed 5376K, reserved 1048576K
Event: 5.775 GC heap after
Heap after GC invocations=9 (full 2):
 PSYoungGen      total 83456K, used 13215K [0x00000000d5f80000, 0x00000000dd900000, 0x0000000100000000)
  eden space 68608K, 0% used [0x00000000d5f80000,0x00000000d5f80000,0x00000000da280000)
  from space 14848K, 89% used [0x00000000da280000,0x00000000daf67cc0,0x00000000db100000)
  to   space 15872K, 0% used [0x00000000dc980000,0x00000000dc980000,0x00000000dd900000)
 ParOldGen       total 124416K, used 25405K [0x0000000081e00000, 0x0000000089780000, 0x00000000d5f80000)
  object space 124416K, 20% used [0x0000000081e00000,0x00000000836cf4a8,0x0000000089780000)
 Metaspace       used 40626K, capacity 41272K, committed 41728K, reserved 1085440K
  class space    used 5109K, capacity 5263K, committed 5376K, reserved 1048576K
}

